<?xml version="1.0" encoding="utf-8"?><testsuites name="pytest tests"><testsuite name="pytest" errors="0" failures="0" skipped="0" tests="116" time="13.902" timestamp="2026-04-28T10:08:04.236484+02:00" hostname="MSI"><testcase classname="weather.tests.integration.test_national_indicator_timescale_datasource" name="test_fetch_daily_series_happy_path" time="4.564" /><testcase classname="weather.tests.integration.test_national_indicator_timescale_datasource" name="test_fetch_daily_series_drop_incomplete_day" time="0.021" /><testcase classname="weather.tests.integration.test_national_indicator_timescale_datasource" name="test_fetch_daily_series_double_reims" time="0.023" /><testcase classname="weather.tests.integration.test_national_indicator_timescale_datasource" name="test_fetch_daily_series_multiple_days" time="0.039" /><testcase classname="weather.tests.integration.test_temperature_deviation_timescale_datasource" name="test_fetch_stations_daily_series_happy_path" time="0.056" /><testcase classname="weather.tests.integration.test_temperature_deviation_timescale_datasource" name="test_fetch_stations_daily_series_filters_out_missing_baseline" time="0.017" /><testcase classname="weather.tests.integration.test_temperature_deviation_timescale_datasource" name="test_fetch_stations_daily_series_multiple_stations" time="0.069" /><testcase classname="weather.tests.integration.test_temperature_deviation_timescale_datasource" name="test_fetch_national_daily_series_not_implemented" time="0.003" /><testcase classname="weather.tests.integration.test_national_indicator_endpoint" name="test_get_national_indicator_month_happy_path" time="0.908" /><testcase classname="weather.tests.integration.test_national_indicator_endpoint" name="test_get_national_indicator_missing_required_parameter_returns_400" time="0.002" /><testcase classname="weather.tests.integration.test_national_indicator_endpoint" name="test_get_national_indicator_invalid_combination_returns_400" time="0.002" /><testcase classname="weather.tests.integration.test_temperature_deviation_endpoint" name="test_get_temperature_deviation_day_happy_path" time="0.005" /><testcase classname="weather.tests.integration.test_temperature_deviation_endpoint" name="test_get_temperature_deviation_without_national" time="0.002" /><testcase classname="weather.tests.integration.test_temperature_deviation_endpoint" name="test_get_temperature_deviation_returns_400_if_include_national_false_and_no_station_ids" time="0.002" /><testcase classname="weather.tests.integration.test_temperature_deviation_endpoint" name="test_get_temperature_deviation_returns_400_if_date_start_gt_date_end" time="0.002" /><testcase classname="weather.tests.integration.test_temperature_deviation_endpoint" name="test_get_temperature_deviation_endpoint_uses_dependency_provider" time="0.002" /><testcase classname="weather.tests.integration.test_temperature_records_endpoint" name="test_get_temperature_records_happy_path" time="0.002" /><testcase classname="weather.tests.integration.test_temperature_records_endpoint" name="test_get_temperature_records_defaults_are_applied" time="0.002" /><testcase classname="weather.tests.integration.test_temperature_records_endpoint" name="test_get_temperature_records_returns_400_if_date_start_gt_date_end" time="0.001" /><testcase classname="weather.tests.integration.test_temperature_records_endpoint" name="test_get_temperature_records_returns_departments_in_metadata" time="0.002" /><testcase classname="weather.tests.integration.test_temperature_records_endpoint" name="test_get_temperature_records_filters_by_departments" time="0.002" /><testcase classname="weather.tests.integration.test_temperature_records_endpoint" name="test_get_temperature_records_allows_missing_dates" time="0.016" /><testcase classname="weather.tests.integration.test_temperature_records_endpoint" name="test_get_temperature_records_returns_temperature_filters_in_metadata" time="0.002" /><testcase classname="weather.tests.integration.test_temperature_records_endpoint" name="test_get_temperature_records_returns_400_if_temperature_min_gt_temperature_max" time="0.002" /><testcase classname="weather.tests.integration.test_temperature_records_endpoint" name="test_get_temperature_records_filters_records_by_temperature_interval" time="0.007" /><testcase classname="weather.tests.unit.test_calcul_itn" name="test_separate_by_station" time="0.086" /><testcase classname="weather.tests.unit.test_calcul_itn" name="test_correct_temperatures_Reims" time="0.013" /><testcase classname="weather.tests.unit.test_calcul_itn" name="test_itn_calculation" time="0.007" /><testcase classname="weather.tests.unit.test_calcul_itn" name="test_compute_itn" time="0.012" /><testcase classname="weather.tests.unit.test_calcul_itn" name="test_itn" time="0.056" /><testcase classname="weather.tests.unit.test_date_range" name="test_iter_days_intersecting_inclusive_single_day" time="0.001" /><testcase classname="weather.tests.unit.test_date_range" name="test_iter_days_intersecting_inclusive_range" time="0.001" /><testcase classname="weather.tests.unit.test_date_range" name="test_clamp_day_to_month_end[2024-1-31-31]" time="0.001" /><testcase classname="weather.tests.unit.test_date_range" name="test_clamp_day_to_month_end[2024-4-31-30]" time="0.001" /><testcase classname="weather.tests.unit.test_date_range" name="test_clamp_day_to_month_end[2024-2-31-29]" time="0.001" /><testcase classname="weather.tests.unit.test_date_range" name="test_clamp_day_to_month_end[2023-2-31-28]" time="0.001" /><testcase classname="weather.tests.unit.test_date_range" name="test_clamp_day_to_month_end[2024-2-29-29]" time="0.001" /><testcase classname="weather.tests.unit.test_date_range" name="test_clamp_day_to_month_end[2023-2-28-28]" time="0.001" /><testcase classname="weather.tests.unit.test_date_range" name="test_iter_month_starts_intersecting_mid_month_to_mid_month" time="0.001" /><testcase classname="weather.tests.unit.test_date_range" name="test_iter_month_starts_intersecting_cross_year" time="0.001" /><testcase classname="weather.tests.unit.test_date_range" name="test_iter_year_starts_intersecting_includes_both_ends" time="0.001" /><testcase classname="weather.tests.unit.test_date_range" name="test_days_in_month_in_range_filters_only_selected_month_and_is_inclusive" time="0.001" /><testcase classname="weather.tests.unit.test_date_range" name="test_days_in_month_in_range_can_be_empty" time="0.001" /><testcase classname="weather.tests.unit.test_date_range" name="test_monthly_points_in_range_clamps_and_filters_by_window" time="0.001" /><testcase classname="weather.tests.unit.test_date_range" name="test_monthly_points_in_range_excludes_candidates_outside_window" time="0.001" /><testcase classname="weather.tests.unit.test_date_range" name="test_yearly_points_in_range_clamps_and_filters_by_window" time="0.001" /><testcase classname="weather.tests.unit.test_date_range" name="test_yearly_points_in_range_excludes_candidates_outside_window" time="0.001" /><testcase classname="weather.tests.unit.test_metrics" name="test_metrics_endpoint_exposes_request_metrics" time="0.002" /><testcase classname="weather.tests.unit.test_metrics" name="test_api_request_increments_request_counter" time="0.006" /><testcase classname="weather.tests.unit.test_national_indicator_acceptance" name="test_itn_acceptance_month_day_of_month_clamp" time="0.001" /><testcase classname="weather.tests.unit.test_national_indicator_acceptance" name="test_itn_acceptance_year_month_of_year_filters_correctly" time="0.001" /><testcase classname="weather.tests.unit.test_national_indicator_acceptance" name="test_itn_acceptance_year_day_of_month_with_month_and_clamp_leap_year" time="0.001" /><testcase classname="weather.tests.unit.test_national_indicator_business" name="test_expected_station_codes_len_is_30" time="0.000" /><testcase classname="weather.tests.unit.test_national_indicator_business" name="test_expected_station_codes_reims_before_switch_is_courcy" time="0.001" /><testcase classname="weather.tests.unit.test_national_indicator_business" name="test_expected_station_codes_reims_at_switch_is_prunay" time="0.001" /><testcase classname="weather.tests.unit.test_national_indicator_business" name="test_compute_itn_ok_returns_mean_over_30_slots" time="0.001" /><testcase classname="weather.tests.unit.test_national_indicator_business" name="test_compute_itn_drop_if_missing_any_always_station" time="0.001" /><testcase classname="weather.tests.unit.test_national_indicator_business" name="test_compute_itn_drop_if_missing_expected_reims" time="0.001" /><testcase classname="weather.tests.unit.test_national_indicator_business" name="test_compute_itn_accepts_double_reims_and_keeps_expected_one" time="0.001" /><testcase classname="weather.tests.unit.test_national_indicator_business" name="test_compute_itn_drop_if_extra_station_not_allowed" time="0.001" /><testcase classname="weather.tests.unit.test_national_indicator_fake" name="test_fake_generator_day_granularity_returns_all_days_inclusive" time="0.001" /><testcase classname="weather.tests.unit.test_national_indicator_fake" name="test_fake_generator_month_granularity_returns_one_point_per_month" time="0.002" /><testcase classname="weather.tests.unit.test_national_indicator_fake" name="test_month_granularity_includes_month_if_interval_intersects" time="0.001" /><testcase classname="weather.tests.unit.test_national_indicator_fake" name="test_day_of_month_clamps_to_last_day_of_month" time="0.001" /><testcase classname="weather.tests.unit.test_national_indicator_fake" name="test_day_of_month_clamps_to_feb_28_on_non_leap_year" time="0.001" /><testcase classname="weather.tests.unit.test_national_indicator_fake" name="test_fake_generator_year_granularity_includes_years_intersecting_interval" time="0.002" /><testcase classname="weather.tests.unit.test_national_indicator_fake" name="test_fake_generator_year_month_of_year_sets_date_to_first_day_of_selected_month" time="0.001" /><testcase classname="weather.tests.unit.test_national_indicator_fake" name="test_fake_generator_year_day_of_month_clamps_within_selected_month" time="0.001" /><testcase classname="weather.tests.unit.test_national_indicator_query_serializer" name="test_date_start_must_be_before_or_equal_date_end[2024-01-01-2024-01-01-True]" time="0.001" /><testcase classname="weather.tests.unit.test_national_indicator_query_serializer" name="test_date_start_must_be_before_or_equal_date_end[2024-01-01-2024-01-02-True]" time="0.001" /><testcase classname="weather.tests.unit.test_national_indicator_query_serializer" name="test_date_start_must_be_before_or_equal_date_end[2024-01-02-2024-01-01-False]" time="0.001" /><testcase classname="weather.tests.unit.test_national_indicator_query_serializer" name="test_granularity_must_be_valid_choice" time="0.001" /><testcase classname="weather.tests.unit.test_national_indicator_query_serializer" name="test_granularity_day_rejects_non_full_slice_type" time="0.001" /><testcase classname="weather.tests.unit.test_national_indicator_query_serializer" name="test_granularity_day_defaults_slice_type_to_full" time="0.001" /><testcase classname="weather.tests.unit.test_national_indicator_query_serializer" name="test_granularity_day_forbids_month_of_year" time="0.001" /><testcase classname="weather.tests.unit.test_national_indicator_query_serializer" name="test_granularity_day_forbids_day_of_month" time="0.001" /><testcase classname="weather.tests.unit.test_national_indicator_query_serializer" name="test_slice_type_full_forbids_month_of_year" time="0.001" /><testcase classname="weather.tests.unit.test_national_indicator_query_serializer" name="test_slice_type_full_forbids_day_of_month" time="0.001" /><testcase classname="weather.tests.unit.test_national_indicator_query_serializer" name="test_slice_type_month_of_year_requires_granularity_year[month]" time="0.001" /><testcase classname="weather.tests.unit.test_national_indicator_query_serializer" name="test_slice_type_month_of_year_requires_granularity_year[day]" time="0.001" /><testcase classname="weather.tests.unit.test_national_indicator_query_serializer" name="test_slice_type_month_of_year_requires_month_of_year" time="0.001" /><testcase classname="weather.tests.unit.test_national_indicator_query_serializer" name="test_slice_type_month_of_year_forbids_day_of_month" time="0.001" /><testcase classname="weather.tests.unit.test_national_indicator_query_serializer" name="test_slice_type_day_of_month_requires_day_of_month" time="0.001" /><testcase classname="weather.tests.unit.test_national_indicator_query_serializer" name="test_day_of_month_with_granularity_year_requires_month_of_year" time="0.001" /><testcase classname="weather.tests.unit.test_national_indicator_query_serializer" name="test_day_of_month_with_granularity_month_forbids_month_of_year" time="0.001" /><testcase classname="weather.tests.unit.test_national_indicator_query_serializer" name="test_valid_month_full_defaults" time="0.001" /><testcase classname="weather.tests.unit.test_national_indicator_query_serializer" name="test_valid_month_day_of_month" time="0.001" /><testcase classname="weather.tests.unit.test_national_indicator_query_serializer" name="test_valid_year_month_of_year" time="0.001" /><testcase classname="weather.tests.unit.test_national_indicator_query_serializer" name="test_valid_year_specific_day_of_year" time="0.001" /><testcase classname="weather.tests.unit.test_temperature_deviation_business" name="test_temperature_deviation_business_day_happy_path" time="0.001" /><testcase classname="weather.tests.unit.test_temperature_deviation_business" name="test_temperature_deviation_business_month_aggregates_to_one_point_per_month" time="0.001" /><testcase classname="weather.tests.unit.test_temperature_deviation_business" name="test_temperature_deviation_business_without_national_returns_only_stations" time="0.001" /><testcase classname="weather.tests.unit.test_temperature_deviation_business" name="test_temperature_deviation_business_deviation_equals_temperature_minus_baseline_mean" time="0.001" /><testcase classname="weather.tests.unit.test_temperature_deviation_business" name="test_temperature_deviation_business_returns_expected_payload_on_simple_input" time="0.001" /><testcase classname="weather.tests.unit.test_temperature_deviation_fake" name="test_fake_temperature_deviation_national_returns_one_point_per_day" time="0.001" /><testcase classname="weather.tests.unit.test_temperature_deviation_fake" name="test_fake_temperature_deviation_station_returns_requested_series" time="0.001" /><testcase classname="weather.tests.unit.test_temperature_deviation_fake" name="test_fake_temperature_deviation_is_deterministic_for_same_query" time="0.001" /><testcase classname="weather.tests.unit.test_temperature_deviation_query_serializer" name="test_temperature_deviation_query_serializer_happy_path" time="0.001" /><testcase classname="weather.tests.unit.test_temperature_deviation_query_serializer" name="test_temperature_deviation_query_serializer_include_national_defaults_true" time="0.001" /><testcase classname="weather.tests.unit.test_temperature_deviation_query_serializer" name="test_temperature_deviation_query_serializer_rejects_date_start_gt_date_end" time="0.001" /><testcase classname="weather.tests.unit.test_temperature_deviation_query_serializer" name="test_temperature_deviation_query_serializer_requires_station_ids_if_include_national_false" time="0.001" /><testcase classname="weather.tests.unit.test_temperature_deviation_query_serializer" name="test_temperature_deviation_query_serializer_empty_station_ids_are_empty_tuple" time="0.001" /><testcase classname="weather.tests.unit.test_temperature_records_business" name="test_temperature_records_business_returns_datasource_output" time="0.001" /><testcase classname="weather.tests.unit.test_temperature_records_business" name="test_temperature_records_business_passes_departments_to_datasource" time="0.001" /><testcase classname="weather.tests.unit.test_temperature_records_fake" name="test_fake_records_returns_requested_stations" time="0.001" /><testcase classname="weather.tests.unit.test_temperature_records_fake" name="test_fake_records_type_records_hot_keeps_only_hot_records" time="0.001" /><testcase classname="weather.tests.unit.test_temperature_records_fake" name="test_fake_records_type_records_cold_keeps_only_cold_records" time="0.001" /><testcase classname="weather.tests.unit.test_temperature_records_fake" name="test_fake_records_absolute_returns_single_record_per_type" time="0.001" /><testcase classname="weather.tests.unit.test_temperature_records_fake" name="test_fake_records_filters_by_departments" time="0.001" /><testcase classname="weather.tests.unit.test_temperature_records_fake" name="test_fake_records_applies_intersection_between_station_ids_and_departments" time="0.001" /><testcase classname="weather.tests.unit.test_temperature_records_fake" name="test_fake_records_filters_by_temperature_min" time="0.050" /><testcase classname="weather.tests.unit.test_temperature_records_query_serializer" name="test_temperature_records_query_serializer_happy_path" time="0.001" /><testcase classname="weather.tests.unit.test_temperature_records_query_serializer" name="test_temperature_records_query_serializer_rejects_date_start_gt_date_end" time="0.001" /><testcase classname="weather.tests.unit.test_temperature_records_query_serializer" name="test_temperature_records_query_serializer_parses_departments" time="0.001" /><testcase classname="weather.tests.unit.test_temperature_records_query_serializer" name="test_temperature_records_query_serializer_allows_missing_dates" time="0.001" /><testcase classname="weather.tests.unit.test_temperature_records_query_serializer" name="test_temperature_records_query_serializer_rejects_temperature_min_gt_temperature_max" time="0.093" /></testsuite></testsuites>